<?xml version="1.0" encoding="UTF-8"?>
<testsuite xmlns:xsi="http://www.w3.org/2001/XMLSchema-instance" xsi:noNamespaceSchemaLocation="https://maven.apache.org/surefire/maven-surefire-plugin/xsd/surefire-test-report-3.0.xsd" version="3.0" name="TestSuite" time="34.986" tests="2" errors="0" skipped="0" failures="0">
  <properties>
    <property name="sun.desktop" value="windows"/>
    <property name="awt.toolkit" value="sun.awt.windows.WToolkit"/>
    <property name="java.specification.version" value="11"/>
    <property name="sun.cpu.isalist" value="amd64"/>
    <property name="sun.jnu.encoding" value="Cp1252"/>
    <property name="java.class.path" value="C:\Users\Jyoti Singh\Desktop\Appium\target\test-classes;C:\Users\Jyoti Singh\Desktop\Appium\target\classes;C:\Users\Jyoti Singh\.m2\repository\io\appium\java-client\8.3.0\java-client-8.3.0.jar;C:\Users\Jyoti Singh\.m2\repository\org\seleniumhq\selenium\selenium-api\4.8.0\selenium-api-4.8.0.jar;C:\Users\Jyoti Singh\.m2\repository\org\seleniumhq\selenium\selenium-remote-driver\4.8.0\selenium-remote-driver-4.8.0.jar;C:\Users\Jyoti Singh\.m2\repository\com\google\auto\service\auto-service-annotations\1.0.1\auto-service-annotations-1.0.1.jar;C:\Users\Jyoti Singh\.m2\repository\com\google\auto\service\auto-service\1.0.1\auto-service-1.0.1.jar;C:\Users\Jyoti Singh\.m2\repository\com\google\auto\auto-common\1.2\auto-common-1.2.jar;C:\Users\Jyoti Singh\.m2\repository\com\google\guava\guava\31.1-jre\guava-31.1-jre.jar;C:\Users\Jyoti Singh\.m2\repository\com\google\guava\failureaccess\1.0.1\failureaccess-1.0.1.jar;C:\Users\Jyoti Singh\.m2\repository\com\google\guava\listenablefuture\9999.0-empty-to-avoid-conflict-with-guava\listenablefuture-9999.0-empty-to-avoid-conflict-with-guava.jar;C:\Users\Jyoti Singh\.m2\repository\com\google\code\findbugs\jsr305\3.0.2\jsr305-3.0.2.jar;C:\Users\Jyoti Singh\.m2\repository\org\checkerframework\checker-qual\3.12.0\checker-qual-3.12.0.jar;C:\Users\Jyoti Singh\.m2\repository\com\google\errorprone\error_prone_annotations\2.11.0\error_prone_annotations-2.11.0.jar;C:\Users\Jyoti Singh\.m2\repository\com\google\j2objc\j2objc-annotations\1.3\j2objc-annotations-1.3.jar;C:\Users\Jyoti Singh\.m2\repository\io\netty\netty-buffer\4.1.87.Final\netty-buffer-4.1.87.Final.jar;C:\Users\Jyoti Singh\.m2\repository\io\netty\netty-codec-http\4.1.87.Final\netty-codec-http-4.1.87.Final.jar;C:\Users\Jyoti Singh\.m2\repository\io\netty\netty-codec\4.1.87.Final\netty-codec-4.1.87.Final.jar;C:\Users\Jyoti Singh\.m2\repository\io\netty\netty-handler\4.1.87.Final\netty-handler-4.1.87.Final.jar;C:\Users\Jyoti Singh\.m2\repository\io\netty\netty-common\4.1.87.Final\netty-common-4.1.87.Final.jar;C:\Users\Jyoti Singh\.m2\repository\io\netty\netty-transport-classes-epoll\4.1.87.Final\netty-transport-classes-epoll-4.1.87.Final.jar;C:\Users\Jyoti Singh\.m2\repository\io\netty\netty-transport-classes-kqueue\4.1.87.Final\netty-transport-classes-kqueue-4.1.87.Final.jar;C:\Users\Jyoti Singh\.m2\repository\io\netty\netty-transport-native-epoll\4.1.87.Final\netty-transport-native-epoll-4.1.87.Final.jar;C:\Users\Jyoti Singh\.m2\repository\io\netty\netty-transport-native-kqueue\4.1.87.Final\netty-transport-native-kqueue-4.1.87.Final.jar;C:\Users\Jyoti Singh\.m2\repository\io\netty\netty-transport-native-unix-common\4.1.87.Final\netty-transport-native-unix-common-4.1.87.Final.jar;C:\Users\Jyoti Singh\.m2\repository\io\netty\netty-transport\4.1.87.Final\netty-transport-4.1.87.Final.jar;C:\Users\Jyoti Singh\.m2\repository\io\netty\netty-resolver\4.1.87.Final\netty-resolver-4.1.87.Final.jar;C:\Users\Jyoti Singh\.m2\repository\io\opentelemetry\opentelemetry-api\1.22.0\opentelemetry-api-1.22.0.jar;C:\Users\Jyoti Singh\.m2\repository\io\opentelemetry\opentelemetry-context\1.22.0\opentelemetry-context-1.22.0.jar;C:\Users\Jyoti Singh\.m2\repository\io\opentelemetry\opentelemetry-exporter-logging\1.22.0\opentelemetry-exporter-logging-1.22.0.jar;C:\Users\Jyoti Singh\.m2\repository\io\opentelemetry\opentelemetry-sdk-metrics\1.22.0\opentelemetry-sdk-metrics-1.22.0.jar;C:\Users\Jyoti Singh\.m2\repository\io\opentelemetry\opentelemetry-sdk-logs\1.22.0-alpha\opentelemetry-sdk-logs-1.22.0-alpha.jar;C:\Users\Jyoti Singh\.m2\repository\io\opentelemetry\opentelemetry-api-logs\1.22.0-alpha\opentelemetry-api-logs-1.22.0-alpha.jar;C:\Users\Jyoti Singh\.m2\repository\io\opentelemetry\opentelemetry-sdk-common\1.22.0\opentelemetry-sdk-common-1.22.0.jar;C:\Users\Jyoti Singh\.m2\repository\io\opentelemetry\opentelemetry-sdk-extension-autoconfigure-spi\1.22.0\opentelemetry-sdk-extension-autoconfigure-spi-1.22.0.jar;C:\Users\Jyoti Singh\.m2\repository\io\opentelemetry\opentelemetry-sdk-extension-autoconfigure\1.22.0-alpha\opentelemetry-sdk-extension-autoconfigure-1.22.0-alpha.jar;C:\Users\Jyoti Singh\.m2\repository\io\opentelemetry\opentelemetry-sdk-trace\1.22.0\opentelemetry-sdk-trace-1.22.0.jar;C:\Users\Jyoti Singh\.m2\repository\io\opentelemetry\opentelemetry-sdk\1.22.0\opentelemetry-sdk-1.22.0.jar;C:\Users\Jyoti Singh\.m2\repository\io\opentelemetry\opentelemetry-semconv\1.22.0-alpha\opentelemetry-semconv-1.22.0-alpha.jar;C:\Users\Jyoti Singh\.m2\repository\io\ous\jtoml\2.0.0\jtoml-2.0.0.jar;C:\Users\Jyoti Singh\.m2\repository\net\bytebuddy\byte-buddy\1.12.22\byte-buddy-1.12.22.jar;C:\Users\Jyoti Singh\.m2\repository\org\apache\commons\commons-exec\1.3\commons-exec-1.3.jar;C:\Users\Jyoti Singh\.m2\repository\org\asynchttpclient\async-http-client\2.12.3\async-http-client-2.12.3.jar;C:\Users\Jyoti Singh\.m2\repository\org\asynchttpclient\async-http-client-netty-utils\2.12.3\async-http-client-netty-utils-2.12.3.jar;C:\Users\Jyoti Singh\.m2\repository\io\netty\netty-codec-socks\4.1.60.Final\netty-codec-socks-4.1.60.Final.jar;C:\Users\Jyoti Singh\.m2\repository\io\netty\netty-handler-proxy\4.1.60.Final\netty-handler-proxy-4.1.60.Final.jar;C:\Users\Jyoti Singh\.m2\repository\io\netty\netty-transport-native-epoll\4.1.60.Final\netty-transport-native-epoll-4.1.60.Final-linux-x86_64.jar;C:\Users\Jyoti Singh\.m2\repository\io\netty\netty-transport-native-kqueue\4.1.60.Final\netty-transport-native-kqueue-4.1.60.Final-osx-x86_64.jar;C:\Users\Jyoti Singh\.m2\repository\com\typesafe\netty\netty-reactive-streams\2.0.4\netty-reactive-streams-2.0.4.jar;C:\Users\Jyoti Singh\.m2\repository\com\sun\activation\jakarta.activation\1.2.2\jakarta.activation-1.2.2.jar;C:\Users\Jyoti Singh\.m2\repository\org\seleniumhq\selenium\selenium-http\4.8.0\selenium-http-4.8.0.jar;C:\Users\Jyoti Singh\.m2\repository\dev\failsafe\failsafe\3.3.0\failsafe-3.3.0.jar;C:\Users\Jyoti Singh\.m2\repository\org\seleniumhq\selenium\selenium-json\4.8.0\selenium-json-4.8.0.jar;C:\Users\Jyoti Singh\.m2\repository\org\seleniumhq\selenium\selenium-manager\4.8.0\selenium-manager-4.8.0.jar;C:\Users\Jyoti Singh\.m2\repository\org\seleniumhq\selenium\selenium-support\4.8.0\selenium-support-4.8.0.jar;C:\Users\Jyoti Singh\.m2\repository\com\google\code\gson\gson\2.10\gson-2.10.jar;C:\Users\Jyoti Singh\.m2\repository\cglib\cglib\3.3.0\cglib-3.3.0.jar;C:\Users\Jyoti Singh\.m2\repository\org\ow2\asm\asm\7.1\asm-7.1.jar;C:\Users\Jyoti Singh\.m2\repository\commons-validator\commons-validator\1.7\commons-validator-1.7.jar;C:\Users\Jyoti Singh\.m2\repository\commons-beanutils\commons-beanutils\1.9.4\commons-beanutils-1.9.4.jar;C:\Users\Jyoti Singh\.m2\repository\commons-digester\commons-digester\2.1\commons-digester-2.1.jar;C:\Users\Jyoti Singh\.m2\repository\commons-logging\commons-logging\1.2\commons-logging-1.2.jar;C:\Users\Jyoti Singh\.m2\repository\commons-collections\commons-collections\3.2.2\commons-collections-3.2.2.jar;C:\Users\Jyoti Singh\.m2\repository\org\apache\commons\commons-lang3\3.12.0\commons-lang3-3.12.0.jar;C:\Users\Jyoti Singh\.m2\repository\org\slf4j\slf4j-api\2.0.5\slf4j-api-2.0.5.jar;C:\Users\Jyoti Singh\.m2\repository\org\testng\testng\7.7.1\testng-7.7.1.jar;C:\Users\Jyoti Singh\.m2\repository\com\beust\jcommander\1.82\jcommander-1.82.jar;C:\Users\Jyoti Singh\.m2\repository\org\webjars\jquery\3.6.1\jquery-3.6.1.jar;C:\Users\Jyoti Singh\.m2\repository\commons-io\commons-io\1.3.2\commons-io-1.3.2.jar;C:\Users\Jyoti Singh\.m2\repository\org\seleniumhq\selenium\selenium-java\4.4.0\selenium-java-4.4.0.jar;C:\Users\Jyoti Singh\.m2\repository\org\seleniumhq\selenium\selenium-chrome-driver\4.4.0\selenium-chrome-driver-4.4.0.jar;C:\Users\Jyoti Singh\.m2\repository\org\seleniumhq\selenium\selenium-chromium-driver\4.4.0\selenium-chromium-driver-4.4.0.jar;C:\Users\Jyoti Singh\.m2\repository\org\seleniumhq\selenium\selenium-devtools-v102\4.4.0\selenium-devtools-v102-4.4.0.jar;C:\Users\Jyoti Singh\.m2\repository\org\seleniumhq\selenium\selenium-devtools-v103\4.4.0\selenium-devtools-v103-4.4.0.jar;C:\Users\Jyoti Singh\.m2\repository\org\seleniumhq\selenium\selenium-devtools-v104\4.4.0\selenium-devtools-v104-4.4.0.jar;C:\Users\Jyoti Singh\.m2\repository\org\seleniumhq\selenium\selenium-devtools-v85\4.4.0\selenium-devtools-v85-4.4.0.jar;C:\Users\Jyoti Singh\.m2\repository\org\seleniumhq\selenium\selenium-edge-driver\4.4.0\selenium-edge-driver-4.4.0.jar;C:\Users\Jyoti Singh\.m2\repository\org\seleniumhq\selenium\selenium-firefox-driver\4.4.0\selenium-firefox-driver-4.4.0.jar;C:\Users\Jyoti Singh\.m2\repository\org\seleniumhq\selenium\selenium-ie-driver\4.4.0\selenium-ie-driver-4.4.0.jar;C:\Users\Jyoti Singh\.m2\repository\org\seleniumhq\selenium\selenium-opera-driver\4.4.0\selenium-opera-driver-4.4.0.jar;C:\Users\Jyoti Singh\.m2\repository\org\seleniumhq\selenium\selenium-safari-driver\4.4.0\selenium-safari-driver-4.4.0.jar;C:\Users\Jyoti Singh\.m2\repository\com\aventstack\extentreports\5.0.9\extentreports-5.0.9.jar;C:\Users\Jyoti Singh\.m2\repository\io\reactivex\rxjava3\rxjava\3.0.4\rxjava-3.0.4.jar;C:\Users\Jyoti Singh\.m2\repository\org\reactivestreams\reactive-streams\1.0.3\reactive-streams-1.0.3.jar;C:\Users\Jyoti Singh\.m2\repository\org\freemarker\freemarker\2.3.30\freemarker-2.3.30.jar;C:\Users\Jyoti Singh\.m2\repository\org\projectlombok\lombok\1.18.12\lombok-1.18.12.jar;"/>
    <property name="java.vm.vendor" value="Oracle Corporation"/>
    <property name="sun.arch.data.model" value="64"/>
    <property name="user.variant" value=""/>
    <property name="java.vendor.url" value="https://openjdk.java.net/"/>
    <property name="user.timezone" value="Asia/Calcutta"/>
    <property name="java.vm.specification.version" value="11"/>
    <property name="os.name" value="Windows 11"/>
    <property name="sun.java.launcher" value="SUN_STANDARD"/>
    <property name="user.country" value="IN"/>
    <property name="sun.boot.library.path" value="C:\Program Files\Java\jdk-11.0.17\bin"/>
    <property name="sun.java.command" value="C:\Users\Jyoti Singh\AppData\Local\Temp\surefire3635063321673485896\surefirebooter-20230209150858182_3.jar C:\Users\Jyoti Singh\AppData\Local\Temp\surefire3635063321673485896 2023-02-09T15-08-57_508-jvmRun1 surefire-20230209150858182_1tmp surefire_0-20230209150858182_2tmp"/>
    <property name="jdk.debug" value="release"/>
    <property name="surefire.test.class.path" value="C:\Users\Jyoti Singh\Desktop\Appium\target\test-classes;C:\Users\Jyoti Singh\Desktop\Appium\target\classes;C:\Users\Jyoti Singh\.m2\repository\io\appium\java-client\8.3.0\java-client-8.3.0.jar;C:\Users\Jyoti Singh\.m2\repository\org\seleniumhq\selenium\selenium-api\4.8.0\selenium-api-4.8.0.jar;C:\Users\Jyoti Singh\.m2\repository\org\seleniumhq\selenium\selenium-remote-driver\4.8.0\selenium-remote-driver-4.8.0.jar;C:\Users\Jyoti Singh\.m2\repository\com\google\auto\service\auto-service-annotations\1.0.1\auto-service-annotations-1.0.1.jar;C:\Users\Jyoti Singh\.m2\repository\com\google\auto\service\auto-service\1.0.1\auto-service-1.0.1.jar;C:\Users\Jyoti Singh\.m2\repository\com\google\auto\auto-common\1.2\auto-common-1.2.jar;C:\Users\Jyoti Singh\.m2\repository\com\google\guava\guava\31.1-jre\guava-31.1-jre.jar;C:\Users\Jyoti Singh\.m2\repository\com\google\guava\failureaccess\1.0.1\failureaccess-1.0.1.jar;C:\Users\Jyoti Singh\.m2\repository\com\google\guava\listenablefuture\9999.0-empty-to-avoid-conflict-with-guava\listenablefuture-9999.0-empty-to-avoid-conflict-with-guava.jar;C:\Users\Jyoti Singh\.m2\repository\com\google\code\findbugs\jsr305\3.0.2\jsr305-3.0.2.jar;C:\Users\Jyoti Singh\.m2\repository\org\checkerframework\checker-qual\3.12.0\checker-qual-3.12.0.jar;C:\Users\Jyoti Singh\.m2\repository\com\google\errorprone\error_prone_annotations\2.11.0\error_prone_annotations-2.11.0.jar;C:\Users\Jyoti Singh\.m2\repository\com\google\j2objc\j2objc-annotations\1.3\j2objc-annotations-1.3.jar;C:\Users\Jyoti Singh\.m2\repository\io\netty\netty-buffer\4.1.87.Final\netty-buffer-4.1.87.Final.jar;C:\Users\Jyoti Singh\.m2\repository\io\netty\netty-codec-http\4.1.87.Final\netty-codec-http-4.1.87.Final.jar;C:\Users\Jyoti Singh\.m2\repository\io\netty\netty-codec\4.1.87.Final\netty-codec-4.1.87.Final.jar;C:\Users\Jyoti Singh\.m2\repository\io\netty\netty-handler\4.1.87.Final\netty-handler-4.1.87.Final.jar;C:\Users\Jyoti Singh\.m2\repository\io\netty\netty-common\4.1.87.Final\netty-common-4.1.87.Final.jar;C:\Users\Jyoti Singh\.m2\repository\io\netty\netty-transport-classes-epoll\4.1.87.Final\netty-transport-classes-epoll-4.1.87.Final.jar;C:\Users\Jyoti Singh\.m2\repository\io\netty\netty-transport-classes-kqueue\4.1.87.Final\netty-transport-classes-kqueue-4.1.87.Final.jar;C:\Users\Jyoti Singh\.m2\repository\io\netty\netty-transport-native-epoll\4.1.87.Final\netty-transport-native-epoll-4.1.87.Final.jar;C:\Users\Jyoti Singh\.m2\repository\io\netty\netty-transport-native-kqueue\4.1.87.Final\netty-transport-native-kqueue-4.1.87.Final.jar;C:\Users\Jyoti Singh\.m2\repository\io\netty\netty-transport-native-unix-common\4.1.87.Final\netty-transport-native-unix-common-4.1.87.Final.jar;C:\Users\Jyoti Singh\.m2\repository\io\netty\netty-transport\4.1.87.Final\netty-transport-4.1.87.Final.jar;C:\Users\Jyoti Singh\.m2\repository\io\netty\netty-resolver\4.1.87.Final\netty-resolver-4.1.87.Final.jar;C:\Users\Jyoti Singh\.m2\repository\io\opentelemetry\opentelemetry-api\1.22.0\opentelemetry-api-1.22.0.jar;C:\Users\Jyoti Singh\.m2\repository\io\opentelemetry\opentelemetry-context\1.22.0\opentelemetry-context-1.22.0.jar;C:\Users\Jyoti Singh\.m2\repository\io\opentelemetry\opentelemetry-exporter-logging\1.22.0\opentelemetry-exporter-logging-1.22.0.jar;C:\Users\Jyoti Singh\.m2\repository\io\opentelemetry\opentelemetry-sdk-metrics\1.22.0\opentelemetry-sdk-metrics-1.22.0.jar;C:\Users\Jyoti Singh\.m2\repository\io\opentelemetry\opentelemetry-sdk-logs\1.22.0-alpha\opentelemetry-sdk-logs-1.22.0-alpha.jar;C:\Users\Jyoti Singh\.m2\repository\io\opentelemetry\opentelemetry-api-logs\1.22.0-alpha\opentelemetry-api-logs-1.22.0-alpha.jar;C:\Users\Jyoti Singh\.m2\repository\io\opentelemetry\opentelemetry-sdk-common\1.22.0\opentelemetry-sdk-common-1.22.0.jar;C:\Users\Jyoti Singh\.m2\repository\io\opentelemetry\opentelemetry-sdk-extension-autoconfigure-spi\1.22.0\opentelemetry-sdk-extension-autoconfigure-spi-1.22.0.jar;C:\Users\Jyoti Singh\.m2\repository\io\opentelemetry\opentelemetry-sdk-extension-autoconfigure\1.22.0-alpha\opentelemetry-sdk-extension-autoconfigure-1.22.0-alpha.jar;C:\Users\Jyoti Singh\.m2\repository\io\opentelemetry\opentelemetry-sdk-trace\1.22.0\opentelemetry-sdk-trace-1.22.0.jar;C:\Users\Jyoti Singh\.m2\repository\io\opentelemetry\opentelemetry-sdk\1.22.0\opentelemetry-sdk-1.22.0.jar;C:\Users\Jyoti Singh\.m2\repository\io\opentelemetry\opentelemetry-semconv\1.22.0-alpha\opentelemetry-semconv-1.22.0-alpha.jar;C:\Users\Jyoti Singh\.m2\repository\io\ous\jtoml\2.0.0\jtoml-2.0.0.jar;C:\Users\Jyoti Singh\.m2\repository\net\bytebuddy\byte-buddy\1.12.22\byte-buddy-1.12.22.jar;C:\Users\Jyoti Singh\.m2\repository\org\apache\commons\commons-exec\1.3\commons-exec-1.3.jar;C:\Users\Jyoti Singh\.m2\repository\org\asynchttpclient\async-http-client\2.12.3\async-http-client-2.12.3.jar;C:\Users\Jyoti Singh\.m2\repository\org\asynchttpclient\async-http-client-netty-utils\2.12.3\async-http-client-netty-utils-2.12.3.jar;C:\Users\Jyoti Singh\.m2\repository\io\netty\netty-codec-socks\4.1.60.Final\netty-codec-socks-4.1.60.Final.jar;C:\Users\Jyoti Singh\.m2\repository\io\netty\netty-handler-proxy\4.1.60.Final\netty-handler-proxy-4.1.60.Final.jar;C:\Users\Jyoti Singh\.m2\repository\io\netty\netty-transport-native-epoll\4.1.60.Final\netty-transport-native-epoll-4.1.60.Final-linux-x86_64.jar;C:\Users\Jyoti Singh\.m2\repository\io\netty\netty-transport-native-kqueue\4.1.60.Final\netty-transport-native-kqueue-4.1.60.Final-osx-x86_64.jar;C:\Users\Jyoti Singh\.m2\repository\com\typesafe\netty\netty-reactive-streams\2.0.4\netty-reactive-streams-2.0.4.jar;C:\Users\Jyoti Singh\.m2\repository\com\sun\activation\jakarta.activation\1.2.2\jakarta.activation-1.2.2.jar;C:\Users\Jyoti Singh\.m2\repository\org\seleniumhq\selenium\selenium-http\4.8.0\selenium-http-4.8.0.jar;C:\Users\Jyoti Singh\.m2\repository\dev\failsafe\failsafe\3.3.0\failsafe-3.3.0.jar;C:\Users\Jyoti Singh\.m2\repository\org\seleniumhq\selenium\selenium-json\4.8.0\selenium-json-4.8.0.jar;C:\Users\Jyoti Singh\.m2\repository\org\seleniumhq\selenium\selenium-manager\4.8.0\selenium-manager-4.8.0.jar;C:\Users\Jyoti Singh\.m2\repository\org\seleniumhq\selenium\selenium-support\4.8.0\selenium-support-4.8.0.jar;C:\Users\Jyoti Singh\.m2\repository\com\google\code\gson\gson\2.10\gson-2.10.jar;C:\Users\Jyoti Singh\.m2\repository\cglib\cglib\3.3.0\cglib-3.3.0.jar;C:\Users\Jyoti Singh\.m2\repository\org\ow2\asm\asm\7.1\asm-7.1.jar;C:\Users\Jyoti Singh\.m2\repository\commons-validator\commons-validator\1.7\commons-validator-1.7.jar;C:\Users\Jyoti Singh\.m2\repository\commons-beanutils\commons-beanutils\1.9.4\commons-beanutils-1.9.4.jar;C:\Users\Jyoti Singh\.m2\repository\commons-digester\commons-digester\2.1\commons-digester-2.1.jar;C:\Users\Jyoti Singh\.m2\repository\commons-logging\commons-logging\1.2\commons-logging-1.2.jar;C:\Users\Jyoti Singh\.m2\repository\commons-collections\commons-collections\3.2.2\commons-collections-3.2.2.jar;C:\Users\Jyoti Singh\.m2\repository\org\apache\commons\commons-lang3\3.12.0\commons-lang3-3.12.0.jar;C:\Users\Jyoti Singh\.m2\repository\org\slf4j\slf4j-api\2.0.5\slf4j-api-2.0.5.jar;C:\Users\Jyoti Singh\.m2\repository\org\testng\testng\7.7.1\testng-7.7.1.jar;C:\Users\Jyoti Singh\.m2\repository\com\beust\jcommander\1.82\jcommander-1.82.jar;C:\Users\Jyoti Singh\.m2\repository\org\webjars\jquery\3.6.1\jquery-3.6.1.jar;C:\Users\Jyoti Singh\.m2\repository\commons-io\commons-io\1.3.2\commons-io-1.3.2.jar;C:\Users\Jyoti Singh\.m2\repository\org\seleniumhq\selenium\selenium-java\4.4.0\selenium-java-4.4.0.jar;C:\Users\Jyoti Singh\.m2\repository\org\seleniumhq\selenium\selenium-chrome-driver\4.4.0\selenium-chrome-driver-4.4.0.jar;C:\Users\Jyoti Singh\.m2\repository\org\seleniumhq\selenium\selenium-chromium-driver\4.4.0\selenium-chromium-driver-4.4.0.jar;C:\Users\Jyoti Singh\.m2\repository\org\seleniumhq\selenium\selenium-devtools-v102\4.4.0\selenium-devtools-v102-4.4.0.jar;C:\Users\Jyoti Singh\.m2\repository\org\seleniumhq\selenium\selenium-devtools-v103\4.4.0\selenium-devtools-v103-4.4.0.jar;C:\Users\Jyoti Singh\.m2\repository\org\seleniumhq\selenium\selenium-devtools-v104\4.4.0\selenium-devtools-v104-4.4.0.jar;C:\Users\Jyoti Singh\.m2\repository\org\seleniumhq\selenium\selenium-devtools-v85\4.4.0\selenium-devtools-v85-4.4.0.jar;C:\Users\Jyoti Singh\.m2\repository\org\seleniumhq\selenium\selenium-edge-driver\4.4.0\selenium-edge-driver-4.4.0.jar;C:\Users\Jyoti Singh\.m2\repository\org\seleniumhq\selenium\selenium-firefox-driver\4.4.0\selenium-firefox-driver-4.4.0.jar;C:\Users\Jyoti Singh\.m2\repository\org\seleniumhq\selenium\selenium-ie-driver\4.4.0\selenium-ie-driver-4.4.0.jar;C:\Users\Jyoti Singh\.m2\repository\org\seleniumhq\selenium\selenium-opera-driver\4.4.0\selenium-opera-driver-4.4.0.jar;C:\Users\Jyoti Singh\.m2\repository\org\seleniumhq\selenium\selenium-safari-driver\4.4.0\selenium-safari-driver-4.4.0.jar;C:\Users\Jyoti Singh\.m2\repository\com\aventstack\extentreports\5.0.9\extentreports-5.0.9.jar;C:\Users\Jyoti Singh\.m2\repository\io\reactivex\rxjava3\rxjava\3.0.4\rxjava-3.0.4.jar;C:\Users\Jyoti Singh\.m2\repository\org\reactivestreams\reactive-streams\1.0.3\reactive-streams-1.0.3.jar;C:\Users\Jyoti Singh\.m2\repository\org\freemarker\freemarker\2.3.30\freemarker-2.3.30.jar;C:\Users\Jyoti Singh\.m2\repository\org\projectlombok\lombok\1.18.12\lombok-1.18.12.jar;"/>
    <property name="sun.cpu.endian" value="little"/>
    <property name="user.home" value="C:\Users\Jyoti Singh"/>
    <property name="user.language" value="en"/>
    <property name="java.specification.vendor" value="Oracle Corporation"/>
    <property name="java.version.date" value="2022-10-18"/>
    <property name="java.home" value="C:\Program Files\Java\jdk-11.0.17"/>
    <property name="file.separator" value="\"/>
    <property name="basedir" value="C:\Users\Jyoti Singh\Desktop\Appium"/>
    <property name="java.vm.compressedOopsMode" value="32-bit"/>
    <property name="line.separator" value="&#10;"/>
    <property name="java.specification.name" value="Java Platform API Specification"/>
    <property name="java.vm.specification.vendor" value="Oracle Corporation"/>
    <property name="java.awt.graphicsenv" value="sun.awt.Win32GraphicsEnvironment"/>
    <property name="surefire.real.class.path" value="C:\Users\Jyoti Singh\AppData\Local\Temp\surefire3635063321673485896\surefirebooter-20230209150858182_3.jar"/>
    <property name="user.script" value=""/>
    <property name="sun.management.compiler" value="HotSpot 64-Bit Tiered Compilers"/>
    <property name="java.runtime.version" value="11.0.17+10-LTS-269"/>
    <property name="user.name" value="Jyoti Singh"/>
    <property name="path.separator" value=";"/>
    <property name="os.version" value="10.0"/>
    <property name="java.runtime.name" value="Java(TM) SE Runtime Environment"/>
    <property name="file.encoding" value="Cp1252"/>
    <property name="java.vm.name" value="Java HotSpot(TM) 64-Bit Server VM"/>
    <property name="java.vendor.version" value="18.9"/>
    <property name="localRepository" value="C:\Users\Jyoti Singh\.m2\repository"/>
    <property name="java.vendor.url.bug" value="https://bugreport.java.com/bugreport/"/>
    <property name="java.io.tmpdir" value="C:\Users\JYOTIS~1\AppData\Local\Temp\"/>
    <property name="java.version" value="11.0.17"/>
    <property name="user.dir" value="C:\Users\Jyoti Singh\Desktop\Appium"/>
    <property name="os.arch" value="amd64"/>
    <property name="java.vm.specification.name" value="Java Virtual Machine Specification"/>
    <property name="java.awt.printerjob" value="sun.awt.windows.WPrinterJob"/>
    <property name="sun.os.patch.level" value=""/>
    <property name="java.library.path" value="C:\Program Files\Java\jdk-11.0.17\bin;C:\WINDOWS\Sun\Java\bin;C:\WINDOWS\system32;C:\WINDOWS;C:\Program Files\Common Files\Oracle\Java\javapath;C:\WINDOWS\system32;C:\WINDOWS;C:\WINDOWS\System32\Wbem;C:\WINDOWS\System32\WindowsPowerShell\v1.0\;C:\WINDOWS\System32\OpenSSH\;%JAVA_HOME%\bin;C:\Program Files\Git\cmd;C:\Users\Jyoti Singh\Downloads\apache-maven-3.8.7-bin\apache-maven-3.8.7\bin;C:\Program Files\nodejs\;C:\Users\Jyoti Singh\AppData\Local\Microsoft\WindowsApps;C:\Users\Jyoti Singh\AppData\Roaming\npm;C:\Users\Jyoti Singh\AppData\Local\Android\Sdk\platform-tools;C:\Users\Jyoti Singh\AppData\Local\Android\Sdk\tools\bin;;."/>
    <property name="java.vendor" value="Oracle Corporation"/>
    <property name="java.vm.info" value="mixed mode"/>
    <property name="java.vm.version" value="11.0.17+10-LTS-269"/>
    <property name="sun.io.unicode.encoding" value="UnicodeLittle"/>
    <property name="java.class.version" value="55.0"/>
  </properties>
  <testcase name="FillForm" classname="AutomationTestingByM.Appium.Ecommerce_TC" time="10.879">
    <system-out><![CDATA[&amp#27;[35m[Appium]&amp#27;[39m Welcome to Appium v2.0.0-beta.52
&amp#27;[35m[Appium]&amp#27;[39m Non-default server args:
&amp#27;[35m[Appium]&amp#27;[39m { address: &amp#27;[32m'127.0.0.1'&amp#27;[39m }
&amp#27;[35m[Appium]&amp#27;[39m Attempting to load driver uiautomator2...
[debug] &amp#27;[35m[Appium]&amp#27;[39m Requiring driver at C:\Users\Jyoti Singh\.appium\node_modules\appium-uiautomator2-driver
&amp#27;[35m[Appium]&amp#27;[39m Appium REST http interface listener started on 127.0.0.1:4723
&amp#27;[35m[Appium]&amp#27;[39m Available drivers:
&amp#27;[35m[Appium]&amp#27;[39m   - uiautomator2@2.12.2 (automationName 'UiAutomator2')
&amp#27;[35m[Appium]&amp#27;[39m No plugins have been installed. Use the "appium plugin" command to install the one(s) you want to use.
&amp#27;[38;5;0m[HTTP]&amp#27;[0m &amp#27;[37m-->&amp#27;[39m &amp#27;[37mGET&amp#27;[39m &amp#27;[37m/session/0d3719e9-2eed-4c02-aef5-9c47375006ab/timeouts&amp#27;[39m
&amp#27;[38;5;0m[HTTP]&amp#27;[0m &amp#27;[90m{}&amp#27;[39m
[debug] &amp#27;[38;5;16m[AppiumDriver@6443]&amp#27;[0m Encountered internal error running command: NoSuchDriverError: A session is either terminated or not started
[debug] &amp#27;[38;5;16m[AppiumDriver@6443]&amp#27;[0m     at asyncHandler (C:\Users\Jyoti Singh\AppData\Roaming\npm\node_modules\appium\node_modules\@appium\base-driver\lib\protocol\protocol.js:281:15)
[debug] &amp#27;[38;5;16m[AppiumDriver@6443]&amp#27;[0m     at C:\Users\Jyoti Singh\AppData\Roaming\npm\node_modules\appium\node_modules\@appium\base-driver\lib\protocol\protocol.js:475:15
[debug] &amp#27;[38;5;16m[AppiumDriver@6443]&amp#27;[0m     at Layer.handle [as handle_request] (C:\Users\Jyoti Singh\AppData\Roaming\npm\node_modules\appium\node_modules\express\lib\router\layer.js:95:5)
[debug] &amp#27;[38;5;16m[AppiumDriver@6443]&amp#27;[0m     at next (C:\Users\Jyoti Singh\AppData\Roaming\npm\node_modules\appium\node_modules\express\lib\router\route.js:144:13)
[debug] &amp#27;[38;5;16m[AppiumDriver@6443]&amp#27;[0m     at Route.dispatch (C:\Users\Jyoti Singh\AppData\Roaming\npm\node_modules\appium\node_modules\express\lib\router\route.js:114:3)
[debug] &amp#27;[38;5;16m[AppiumDriver@6443]&amp#27;[0m     at Layer.handle [as handle_request] (C:\Users\Jyoti Singh\AppData\Roaming\npm\node_modules\appium\node_modules\express\lib\router\layer.js:95:5)
[debug] &amp#27;[38;5;16m[AppiumDriver@6443]&amp#27;[0m     at C:\Users\Jyoti Singh\AppData\Roaming\npm\node_modules\appium\node_modules\express\lib\router\index.js:284:15
[debug] &amp#27;[38;5;16m[AppiumDriver@6443]&amp#27;[0m     at param (C:\Users\Jyoti Singh\AppData\Roaming\npm\node_modules\appium\node_modules\express\lib\router\index.js:365:14)
[debug] &amp#27;[38;5;16m[AppiumDriver@6443]&amp#27;[0m     at param (C:\Users\Jyoti Singh\AppData\Roaming\npm\node_modules\appium\node_modules\express\lib\router\index.js:376:14)
[debug] &amp#27;[38;5;16m[AppiumDriver@6443]&amp#27;[0m     at Function.process_params (C:\Users\Jyoti Singh\AppData\Roaming\npm\node_modules\appium\node_modules\express\lib\router\index.js:421:3)
[debug] &amp#27;[38;5;16m[AppiumDriver@6443]&amp#27;[0m     at next (C:\Users\Jyoti Singh\AppData\Roaming\npm\node_modules\appium\node_modules\express\lib\router\index.js:280:10)
[debug] &amp#27;[38;5;16m[AppiumDriver@6443]&amp#27;[0m     at logger (C:\Users\Jyoti Singh\AppData\Roaming\npm\node_modules\appium\node_modules\morgan\index.js:144:5)
[debug] &amp#27;[38;5;16m[AppiumDriver@6443]&amp#27;[0m     at Layer.handle [as handle_request] (C:\Users\Jyoti Singh\AppData\Roaming\npm\node_modules\appium\node_modules\express\lib\router\layer.js:95:5)
[debug] &amp#27;[38;5;16m[AppiumDriver@6443]&amp#27;[0m     at trim_prefix (C:\Users\Jyoti Singh\AppData\Roaming\npm\node_modules\appium\node_modules\express\lib\router\index.js:328:13)
[debug] &amp#27;[38;5;16m[AppiumDriver@6443]&amp#27;[0m     at C:\Users\Jyoti Singh\AppData\Roaming\npm\node_modules\appium\node_modules\express\lib\router\index.js:286:9
[debug] &amp#27;[38;5;16m[AppiumDriver@6443]&amp#27;[0m     at Function.process_params (C:\Users\Jyoti Singh\AppData\Roaming\npm\node_modules\appium\node_modules\express\lib\router\index.js:346:12)
[debug] &amp#27;[38;5;16m[AppiumDriver@6443]&amp#27;[0m     at next (C:\Users\Jyoti Singh\AppData\Roaming\npm\node_modules\appium\node_modules\express\lib\router\index.js:280:10)
[debug] &amp#27;[38;5;16m[AppiumDriver@6443]&amp#27;[0m     at jsonParser (C:\Users\Jyoti Singh\AppData\Roaming\npm\node_modules\appium\node_modules\body-parser\lib\types\json.js:110:7)
[debug] &amp#27;[38;5;16m[AppiumDriver@6443]&amp#27;[0m     at Layer.handle [as handle_request] (C:\Users\Jyoti Singh\AppData\Roaming\npm\node_modules\appium\node_modules\express\lib\router\layer.js:95:5)
[debug] &amp#27;[38;5;16m[AppiumDriver@6443]&amp#27;[0m     at trim_prefix (C:\Users\Jyoti Singh\AppData\Roaming\npm\node_modules\appium\node_modules\express\lib\router\index.js:328:13)
[debug] &amp#27;[38;5;16m[AppiumDriver@6443]&amp#27;[0m     at C:\Users\Jyoti Singh\AppData\Roaming\npm\node_modules\appium\node_modules\express\lib\router\index.js:286:9
[debug] &amp#27;[38;5;16m[AppiumDriver@6443]&amp#27;[0m     at Function.process_params (C:\Users\Jyoti Singh\AppData\Roaming\npm\node_modules\appium\node_modules\express\lib\router\index.js:346:12)
&amp#27;[38;5;0m[HTTP]&amp#27;[0m &amp#27;[37m<-- GET /session/0d3719e9-2eed-4c02-aef5-9c47375006ab/timeouts &amp#27;[39m&amp#27;[33m404&amp#27;[39m &amp#27;[90m164 ms - 3363&amp#27;[39m
&amp#27;[38;5;0m[HTTP]&amp#27;[0m &amp#27;[90m&amp#27;[39m
&amp#27;[38;5;0m[HTTP]&amp#27;[0m &amp#27;[37m-->&amp#27;[39m &amp#27;[37mGET&amp#27;[39m &amp#27;[37m/session/0d3719e9-2eed-4c02-aef5-9c47375006ab/timeouts&amp#27;[39m
&amp#27;[38;5;0m[HTTP]&amp#27;[0m &amp#27;[90m{}&amp#27;[39m
[debug] &amp#27;[38;5;16m[AppiumDriver@6443]&amp#27;[0m Encountered internal error running command: NoSuchDriverError: A session is either terminated or not started
[debug] &amp#27;[38;5;16m[AppiumDriver@6443]&amp#27;[0m     at asyncHandler (C:\Users\Jyoti Singh\AppData\Roaming\npm\node_modules\appium\node_modules\@appium\base-driver\lib\protocol\protocol.js:281:15)
[debug] &amp#27;[38;5;16m[AppiumDriver@6443]&amp#27;[0m     at C:\Users\Jyoti Singh\AppData\Roaming\npm\node_modules\appium\node_modules\@appium\base-driver\lib\protocol\protocol.js:475:15
[debug] &amp#27;[38;5;16m[AppiumDriver@6443]&amp#27;[0m     at Layer.handle [as handle_request] (C:\Users\Jyoti Singh\AppData\Roaming\npm\node_modules\appium\node_modules\express\lib\router\layer.js:95:5)
[debug] &amp#27;[38;5;16m[AppiumDriver@6443]&amp#27;[0m     at next (C:\Users\Jyoti Singh\AppData\Roaming\npm\node_modules\appium\node_modules\express\lib\router\route.js:144:13)
[debug] &amp#27;[38;5;16m[AppiumDriver@6443]&amp#27;[0m     at Route.dispatch (C:\Users\Jyoti Singh\AppData\Roaming\npm\node_modules\appium\node_modules\express\lib\router\route.js:114:3)
[debug] &amp#27;[38;5;16m[AppiumDriver@6443]&amp#27;[0m     at Layer.handle [as handle_request] (C:\Users\Jyoti Singh\AppData\Roaming\npm\node_modules\appium\node_modules\express\lib\router\layer.js:95:5)
[debug] &amp#27;[38;5;16m[AppiumDriver@6443]&amp#27;[0m     at C:\Users\Jyoti Singh\AppData\Roaming\npm\node_modules\appium\node_modules\express\lib\router\index.js:284:15
[debug] &amp#27;[38;5;16m[AppiumDriver@6443]&amp#27;[0m     at param (C:\Users\Jyoti Singh\AppData\Roaming\npm\node_modules\appium\node_modules\express\lib\router\index.js:365:14)
[debug] &amp#27;[38;5;16m[AppiumDriver@6443]&amp#27;[0m     at param (C:\Users\Jyoti Singh\AppData\Roaming\npm\node_modules\appium\node_modules\express\lib\router\index.js:376:14)
[debug] &amp#27;[38;5;16m[AppiumDriver@6443]&amp#27;[0m     at Function.process_params (C:\Users\Jyoti Singh\AppData\Roaming\npm\node_modules\appium\node_modules\express\lib\router\index.js:421:3)
[debug] &amp#27;[38;5;16m[AppiumDriver@6443]&amp#27;[0m     at next (C:\Users\Jyoti Singh\AppData\Roaming\npm\node_modules\appium\node_modules\express\lib\router\index.js:280:10)
[debug] &amp#27;[38;5;16m[AppiumDriver@6443]&amp#27;[0m     at logger (C:\Users\Jyoti Singh\AppData\Roaming\npm\node_modules\appium\node_modules\morgan\index.js:144:5)
[debug] &amp#27;[38;5;16m[AppiumDriver@6443]&amp#27;[0m     at Layer.handle [as handle_request] (C:\Users\Jyoti Singh\AppData\Roaming\npm\node_modules\appium\node_modules\express\lib\router\layer.js:95:5)
[debug] &amp#27;[38;5;16m[AppiumDriver@6443]&amp#27;[0m     at trim_prefix (C:\Users\Jyoti Singh\AppData\Roaming\npm\node_modules\appium\node_modules\express\lib\router\index.js:328:13)
[debug] &amp#27;[38;5;16m[AppiumDriver@6443]&amp#27;[0m     at C:\Users\Jyoti Singh\AppData\Roaming\npm\node_modules\appium\node_modules\express\lib\router\index.js:286:9
[debug] &amp#27;[38;5;16m[AppiumDriver@6443]&amp#27;[0m     at Function.process_params (C:\Users\Jyoti Singh\AppData\Roaming\npm\node_modules\appium\node_modules\express\lib\router\index.js:346:12)
[debug] &amp#27;[38;5;16m[AppiumDriver@6443]&amp#27;[0m     at next (C:\Users\Jyoti Singh\AppData\Roaming\npm\node_modules\appium\node_modules\express\lib\router\index.js:280:10)
[debug] &amp#27;[38;5;16m[AppiumDriver@6443]&amp#27;[0m     at jsonParser (C:\Users\Jyoti Singh\AppData\Roaming\npm\node_modules\appium\node_modules\body-parser\lib\types\json.js:110:7)
[debug] &amp#27;[38;5;16m[AppiumDriver@6443]&amp#27;[0m     at Layer.handle [as handle_request] (C:\Users\Jyoti Singh\AppData\Roaming\npm\node_modules\appium\node_modules\express\lib\router\layer.js:95:5)
[debug] &amp#27;[38;5;16m[AppiumDriver@6443]&amp#27;[0m     at trim_prefix (C:\Users\Jyoti Singh\AppData\Roaming\npm\node_modules\appium\node_modules\express\lib\router\index.js:328:13)
[debug] &amp#27;[38;5;16m[AppiumDriver@6443]&amp#27;[0m     at C:\Users\Jyoti Singh\AppData\Roaming\npm\node_modules\appium\node_modules\express\lib\router\index.js:286:9
[debug] &amp#27;[38;5;16m[AppiumDriver@6443]&amp#27;[0m     at Function.process_params (C:\Users\Jyoti Singh\AppData\Roaming\npm\node_modules\appium\node_modules\express\lib\router\index.js:346:12)
&amp#27;[38;5;0m[HTTP]&amp#27;[0m &amp#27;[37m<-- GET /session/0d3719e9-2eed-4c02-aef5-9c47375006ab/timeouts &amp#27;[39m&amp#27;[33m404&amp#27;[39m &amp#27;[90m6 ms - 3363&amp#27;[39m
&amp#27;[38;5;0m[HTTP]&amp#27;[0m &amp#27;[90m&amp#27;[39m
]]></system-out>
    <system-err><![CDATA[SLF4J: No SLF4J providers were found.
SLF4J: Defaulting to no-operation (NOP) logger implementation
SLF4J: See https://www.slf4j.org/codes.html#noProviders for further details.
]]></system-err>
  </testcase>
  <testcase name="AddToCart" classname="AutomationTestingByM.Appium.Ecommerce_TC" time="8.742">
    <system-out><![CDATA[&amp#27;[38;5;0m[HTTP]&amp#27;[0m &amp#27;[37m-->&amp#27;[39m &amp#27;[37mGET&amp#27;[39m &amp#27;[37m/session/0d3719e9-2eed-4c02-aef5-9c47375006ab/timeouts&amp#27;[39m
&amp#27;[38;5;0m[HTTP]&amp#27;[0m &amp#27;[90m{}&amp#27;[39m
[debug] &amp#27;[38;5;16m[AppiumDriver@6443]&amp#27;[0m Encountered internal error running command: NoSuchDriverError: A session is either terminated or not started
[debug] &amp#27;[38;5;16m[AppiumDriver@6443]&amp#27;[0m     at asyncHandler (C:\Users\Jyoti Singh\AppData\Roaming\npm\node_modules\appium\node_modules\@appium\base-driver\lib\protocol\protocol.js:281:15)
[debug] &amp#27;[38;5;16m[AppiumDriver@6443]&amp#27;[0m     at C:\Users\Jyoti Singh\AppData\Roaming\npm\node_modules\appium\node_modules\@appium\base-driver\lib\protocol\protocol.js:475:15
[debug] &amp#27;[38;5;16m[AppiumDriver@6443]&amp#27;[0m     at Layer.handle [as handle_request] (C:\Users\Jyoti Singh\AppData\Roaming\npm\node_modules\appium\node_modules\express\lib\router\layer.js:95:5)
[debug] &amp#27;[38;5;16m[AppiumDriver@6443]&amp#27;[0m     at next (C:\Users\Jyoti Singh\AppData\Roaming\npm\node_modules\appium\node_modules\express\lib\router\route.js:144:13)
[debug] &amp#27;[38;5;16m[AppiumDriver@6443]&amp#27;[0m     at Route.dispatch (C:\Users\Jyoti Singh\AppData\Roaming\npm\node_modules\appium\node_modules\express\lib\router\route.js:114:3)
[debug] &amp#27;[38;5;16m[AppiumDriver@6443]&amp#27;[0m     at Layer.handle [as handle_request] (C:\Users\Jyoti Singh\AppData\Roaming\npm\node_modules\appium\node_modules\express\lib\router\layer.js:95:5)
[debug] &amp#27;[38;5;16m[AppiumDriver@6443]&amp#27;[0m     at C:\Users\Jyoti Singh\AppData\Roaming\npm\node_modules\appium\node_modules\express\lib\router\index.js:284:15
[debug] &amp#27;[38;5;16m[AppiumDriver@6443]&amp#27;[0m     at param (C:\Users\Jyoti Singh\AppData\Roaming\npm\node_modules\appium\node_modules\express\lib\router\index.js:365:14)
[debug] &amp#27;[38;5;16m[AppiumDriver@6443]&amp#27;[0m     at param (C:\Users\Jyoti Singh\AppData\Roaming\npm\node_modules\appium\node_modules\express\lib\router\index.js:376:14)
[debug] &amp#27;[38;5;16m[AppiumDriver@6443]&amp#27;[0m     at Function.process_params (C:\Users\Jyoti Singh\AppData\Roaming\npm\node_modules\appium\node_modules\express\lib\router\index.js:421:3)
[debug] &amp#27;[38;5;16m[AppiumDriver@6443]&amp#27;[0m     at next (C:\Users\Jyoti Singh\AppData\Roaming\npm\node_modules\appium\node_modules\express\lib\router\index.js:280:10)
[debug] &amp#27;[38;5;16m[AppiumDriver@6443]&amp#27;[0m     at logger (C:\Users\Jyoti Singh\AppData\Roaming\npm\node_modules\appium\node_modules\morgan\index.js:144:5)
[debug] &amp#27;[38;5;16m[AppiumDriver@6443]&amp#27;[0m     at Layer.handle [as handle_request] (C:\Users\Jyoti Singh\AppData\Roaming\npm\node_modules\appium\node_modules\express\lib\router\layer.js:95:5)
[debug] &amp#27;[38;5;16m[AppiumDriver@6443]&amp#27;[0m     at trim_prefix (C:\Users\Jyoti Singh\AppData\Roaming\npm\node_modules\appium\node_modules\express\lib\router\index.js:328:13)
[debug] &amp#27;[38;5;16m[AppiumDriver@6443]&amp#27;[0m     at C:\Users\Jyoti Singh\AppData\Roaming\npm\node_modules\appium\node_modules\express\lib\router\index.js:286:9
[debug] &amp#27;[38;5;16m[AppiumDriver@6443]&amp#27;[0m     at Function.process_params (C:\Users\Jyoti Singh\AppData\Roaming\npm\node_modules\appium\node_modules\express\lib\router\index.js:346:12)
[debug] &amp#27;[38;5;16m[AppiumDriver@6443]&amp#27;[0m     at next (C:\Users\Jyoti Singh\AppData\Roaming\npm\node_modules\appium\node_modules\express\lib\router\index.js:280:10)
[debug] &amp#27;[38;5;16m[AppiumDriver@6443]&amp#27;[0m     at jsonParser (C:\Users\Jyoti Singh\AppData\Roaming\npm\node_modules\appium\node_modules\body-parser\lib\types\json.js:110:7)
[debug] &amp#27;[38;5;16m[AppiumDriver@6443]&amp#27;[0m     at Layer.handle [as handle_request] (C:\Users\Jyoti Singh\AppData\Roaming\npm\node_modules\appium\node_modules\express\lib\router\layer.js:95:5)
[debug] &amp#27;[38;5;16m[AppiumDriver@6443]&amp#27;[0m     at trim_prefix (C:\Users\Jyoti Singh\AppData\Roaming\npm\node_modules\appium\node_modules\express\lib\router\index.js:328:13)
[debug] &amp#27;[38;5;16m[AppiumDriver@6443]&amp#27;[0m     at C:\Users\Jyoti Singh\AppData\Roaming\npm\node_modules\appium\node_modules\express\lib\router\index.js:286:9
[debug] &amp#27;[38;5;16m[AppiumDriver@6443]&amp#27;[0m     at Function.process_params (C:\Users\Jyoti Singh\AppData\Roaming\npm\node_modules\appium\node_modules\express\lib\router\index.js:346:12)
&amp#27;[38;5;0m[HTTP]&amp#27;[0m &amp#27;[37m<-- GET /session/0d3719e9-2eed-4c02-aef5-9c47375006ab/timeouts &amp#27;[39m&amp#27;[33m404&amp#27;[39m &amp#27;[90m6 ms - 3363&amp#27;[39m
&amp#27;[38;5;0m[HTTP]&amp#27;[0m &amp#27;[90m&amp#27;[39m
&amp#27;[38;5;0m[HTTP]&amp#27;[0m &amp#27;[37m-->&amp#27;[39m &amp#27;[37mGET&amp#27;[39m &amp#27;[37m/session/0d3719e9-2eed-4c02-aef5-9c47375006ab/timeouts&amp#27;[39m
&amp#27;[38;5;0m[HTTP]&amp#27;[0m &amp#27;[90m{}&amp#27;[39m
[debug] &amp#27;[38;5;16m[AppiumDriver@6443]&amp#27;[0m Encountered internal error running command: NoSuchDriverError: A session is either terminated or not started
[debug] &amp#27;[38;5;16m[AppiumDriver@6443]&amp#27;[0m     at asyncHandler (C:\Users\Jyoti Singh\AppData\Roaming\npm\node_modules\appium\node_modules\@appium\base-driver\lib\protocol\protocol.js:281:15)
[debug] &amp#27;[38;5;16m[AppiumDriver@6443]&amp#27;[0m     at C:\Users\Jyoti Singh\AppData\Roaming\npm\node_modules\appium\node_modules\@appium\base-driver\lib\protocol\protocol.js:475:15
[debug] &amp#27;[38;5;16m[AppiumDriver@6443]&amp#27;[0m     at Layer.handle [as handle_request] (C:\Users\Jyoti Singh\AppData\Roaming\npm\node_modules\appium\node_modules\express\lib\router\layer.js:95:5)
[debug] &amp#27;[38;5;16m[AppiumDriver@6443]&amp#27;[0m     at next (C:\Users\Jyoti Singh\AppData\Roaming\npm\node_modules\appium\node_modules\express\lib\router\route.js:144:13)
[debug] &amp#27;[38;5;16m[AppiumDriver@6443]&amp#27;[0m     at Route.dispatch (C:\Users\Jyoti Singh\AppData\Roaming\npm\node_modules\appium\node_modules\express\lib\router\route.js:114:3)
[debug] &amp#27;[38;5;16m[AppiumDriver@6443]&amp#27;[0m     at Layer.handle [as handle_request] (C:\Users\Jyoti Singh\AppData\Roaming\npm\node_modules\appium\node_modules\express\lib\router\layer.js:95:5)
[debug] &amp#27;[38;5;16m[AppiumDriver@6443]&amp#27;[0m     at C:\Users\Jyoti Singh\AppData\Roaming\npm\node_modules\appium\node_modules\express\lib\router\index.js:284:15
[debug] &amp#27;[38;5;16m[AppiumDriver@6443]&amp#27;[0m     at param (C:\Users\Jyoti Singh\AppData\Roaming\npm\node_modules\appium\node_modules\express\lib\router\index.js:365:14)
[debug] &amp#27;[38;5;16m[AppiumDriver@6443]&amp#27;[0m     at param (C:\Users\Jyoti Singh\AppData\Roaming\npm\node_modules\appium\node_modules\express\lib\router\index.js:376:14)
[debug] &amp#27;[38;5;16m[AppiumDriver@6443]&amp#27;[0m     at Function.process_params (C:\Users\Jyoti Singh\AppData\Roaming\npm\node_modules\appium\node_modules\express\lib\router\index.js:421:3)
[debug] &amp#27;[38;5;16m[AppiumDriver@6443]&amp#27;[0m     at next (C:\Users\Jyoti Singh\AppData\Roaming\npm\node_modules\appium\node_modules\express\lib\router\index.js:280:10)
[debug] &amp#27;[38;5;16m[AppiumDriver@6443]&amp#27;[0m     at logger (C:\Users\Jyoti Singh\AppData\Roaming\npm\node_modules\appium\node_modules\morgan\index.js:144:5)
[debug] &amp#27;[38;5;16m[AppiumDriver@6443]&amp#27;[0m     at Layer.handle [as handle_request] (C:\Users\Jyoti Singh\AppData\Roaming\npm\node_modules\appium\node_modules\express\lib\router\layer.js:95:5)
[debug] &amp#27;[38;5;16m[AppiumDriver@6443]&amp#27;[0m     at trim_prefix (C:\Users\Jyoti Singh\AppData\Roaming\npm\node_modules\appium\node_modules\express\lib\router\index.js:328:13)
[debug] &amp#27;[38;5;16m[AppiumDriver@6443]&amp#27;[0m     at C:\Users\Jyoti Singh\AppData\Roaming\npm\node_modules\appium\node_modules\express\lib\router\index.js:286:9
[debug] &amp#27;[38;5;16m[AppiumDriver@6443]&amp#27;[0m     at Function.process_params (C:\Users\Jyoti Singh\AppData\Roaming\npm\node_modules\appium\node_modules\express\lib\router\index.js:346:12)
[debug] &amp#27;[38;5;16m[AppiumDriver@6443]&amp#27;[0m     at next (C:\Users\Jyoti Singh\AppData\Roaming\npm\node_modules\appium\node_modules\express\lib\router\index.js:280:10)
[debug] &amp#27;[38;5;16m[AppiumDriver@6443]&amp#27;[0m     at jsonParser (C:\Users\Jyoti Singh\AppData\Roaming\npm\node_modules\appium\node_modules\body-parser\lib\types\json.js:110:7)
[debug] &amp#27;[38;5;16m[AppiumDriver@6443]&amp#27;[0m     at Layer.handle [as handle_request] (C:\Users\Jyoti Singh\AppData\Roaming\npm\node_modules\appium\node_modules\express\lib\router\layer.js:95:5)
[debug] &amp#27;[38;5;16m[AppiumDriver@6443]&amp#27;[0m     at trim_prefix (C:\Users\Jyoti Singh\AppData\Roaming\npm\node_modules\appium\node_modules\express\lib\router\index.js:328:13)
[debug] &amp#27;[38;5;16m[AppiumDriver@6443]&amp#27;[0m     at C:\Users\Jyoti Singh\AppData\Roaming\npm\node_modules\appium\node_modules\express\lib\router\index.js:286:9
[debug] &amp#27;[38;5;16m[AppiumDriver@6443]&amp#27;[0m     at Function.process_params (C:\Users\Jyoti Singh\AppData\Roaming\npm\node_modules\appium\node_modules\express\lib\router\index.js:346:12)
&amp#27;[38;5;0m[HTTP]&amp#27;[0m &amp#27;[37m<-- GET /session/0d3719e9-2eed-4c02-aef5-9c47375006ab/timeouts &amp#27;[39m&amp#27;[33m404&amp#27;[39m &amp#27;[90m8 ms - 3363&amp#27;[39m
&amp#27;[38;5;0m[HTTP]&amp#27;[0m &amp#27;[90m&amp#27;[39m
]]></system-out>
  </testcase>
</testsuite>