<?xml version="1.0" encoding="UTF-8"?>
<!-- Generated by org.testng.reporters.JUnitReportReporter -->
<testsuite hostname="Automation_Love" failures="0" tests="2" name="AutomationTestingByM.Appium.Ecommerce_TC" time="19.618" errors="0" timestamp="2023-02-09T15:09:33 IST" skipped="0">
  <testcase classname="AutomationTestingByM.Appium.Ecommerce_TC" name="FillForm" time="10.857"/>
  <system-out/>
  <testcase classname="AutomationTestingByM.Appium.Ecommerce_TC" name="AddToCart" time="8.761"/>
  <system-out/>
</testsuite> <!-- AutomationTestingByM.Appium.Ecommerce_TC -->
